!System.Generics.Collections.pas
!System.Generics.Defaults.pas
Model.Entities.NotaFiscal.pas
Model.DAO.Interfaces.pas
Model.DAO.Factory.pas
Model.DAO.NotaFiscal.pasModel.Services.NFe.Command.Destinatario.pas
Model.Components.Interfaces.pas
Model.Components.Factory.pas
Model.Components.Connections.Interfaces.pas
Model.Components.Connections.Factory.pas
Model.Components.Connections.Firedac.pas
Model.Services.Factory.pas
Model.Services.Interfaces.pas
Model.Services.NFe.Interfaces.pas
Model.Services.NFe.Invoker.pas
Model.Services.NFe.pas
Model.Services.NFe.Command.Emitente.pas
Model.Services.NFe.Command.EnviarNFe.pas
Model.Services.NFe.Command.Ide.pas
Model.Services.NFe.Observer.AtualizarNota.pas